{
  "stats": {
    "suites": 1,
    "tests": 1,
    "passes": 1,
    "pending": 0,
    "failures": 0,
    "start": "2020-06-16T23:56:15.070Z",
    "end": "2020-06-16T23:56:15.689Z",
    "duration": 619,
    "testsRegistered": 1,
    "passPercent": 100,
    "pendingPercent": 0,
    "other": 0,
    "hasOther": false,
    "skipped": 0,
    "hasSkipped": false
  },
  "results": [
    {
      "uuid": "124f7981-daaa-4330-a668-7c3d78d1a8ce",
      "title": "",
      "fullFile": "cypress/integration/api/example.spec.js",
      "file": "cypress/integration/api/example.spec.js",
      "beforeHooks": [],
      "afterHooks": [],
      "tests": [],
      "suites": [
        {
          "uuid": "a29e9c17-7a04-4138-a088-28c1dff7fe5f",
          "title": "Group of test",
          "fullFile": "",
          "file": "",
          "beforeHooks": [],
          "afterHooks": [],
          "tests": [
            {
              "title": "api test",
              "fullTitle": "Group of test api test",
              "timedOut": null,
              "duration": 591,
              "state": "passed",
              "speed": "slow",
              "pass": true,
              "fail": false,
              "pending": false,
              "context": "\"assets/videos/api/example.spec.js.mp4\"",
              "code": "cy.getTodos()",
              "err": {},
              "uuid": "728307b0-9361-42a7-9c9b-56bd2538f3d8",
              "parentUUID": "a29e9c17-7a04-4138-a088-28c1dff7fe5f",
              "isHook": false,
              "skipped": false
            }
          ],
          "suites": [],
          "passes": [
            "728307b0-9361-42a7-9c9b-56bd2538f3d8"
          ],
          "failures": [],
          "pending": [],
          "skipped": [],
          "duration": 591,
          "root": false,
          "rootEmpty": false,
          "_timeout": 2000
        }
      ],
      "passes": [],
      "failures": [],
      "pending": [],
      "skipped": [],
      "duration": 0,
      "root": true,
      "rootEmpty": true,
      "_timeout": 2000
    }
  ],
  "meta": {
    "mocha": {
      "version": "7.0.1"
    },
    "mochawesome": {
      "options": {
        "quiet": false,
        "reportFilename": "mochawesome",
        "saveHtml": false,
        "saveJson": true,
        "consoleReporter": "spec",
        "useInlineDiffs": false,
        "code": true
      },
      "version": "6.1.1"
    },
    "marge": {
      "options": {
        "id": "default",
        "reportDir": "cypress/results/report",
        "overwrite": false,
        "html": false,
        "json": true,
        "timestamp": "mmddyyyy_HHMM"
      },
      "version": "5.1.0"
    }
  }
}